/*C95*/SET SCHEMA PUBLIC
DISCONNECT
/*C96*/SET SCHEMA PUBLIC
DISCONNECT
/*C97*/SET SCHEMA PUBLIC
DISCONNECT
/*C98*/SET SCHEMA PUBLIC
DISCONNECT
/*C99*/SET SCHEMA PUBLIC
DISCONNECT
/*C100*/SET SCHEMA PUBLIC
DISCONNECT
/*C102*/SET SCHEMA PUBLIC
DISCONNECT
/*C101*/SET SCHEMA PUBLIC
DISCONNECT
/*C103*/SET SCHEMA PUBLIC
DISCONNECT
/*C104*/SET SCHEMA PUBLIC
DISCONNECT
/*C105*/SET SCHEMA PUBLIC
DISCONNECT
/*C106*/SET SCHEMA PUBLIC
DELETE FROM SYS_SERVER WHERE ID='4c46db18-d154-7940-34f9-533bae754476'
INSERT INTO SYS_SERVER VALUES('4c46db18-d154-7940-34f9-533bae754476','2017-12-18 11:08:43.869000',NULL,'2018-01-23 14:56:40.264000',NULL,'localhost:8080/app-core',TRUE,NULL)
COMMIT
DELETE FROM SYS_SERVER WHERE ID='4c46db18-d154-7940-34f9-533bae754476'
INSERT INTO SYS_SERVER VALUES('4c46db18-d154-7940-34f9-533bae754476','2017-12-18 11:08:43.869000',NULL,'2018-01-23 14:57:40.262000',NULL,'localhost:8080/app-core',TRUE,NULL)
COMMIT
DELETE FROM SYS_SERVER WHERE ID='4c46db18-d154-7940-34f9-533bae754476'
INSERT INTO SYS_SERVER VALUES('4c46db18-d154-7940-34f9-533bae754476','2017-12-18 11:08:43.869000',NULL,'2018-01-23 14:58:40.263000',NULL,'localhost:8080/app-core',TRUE,NULL)
COMMIT
DELETE FROM SYS_SERVER WHERE ID='4c46db18-d154-7940-34f9-533bae754476'
INSERT INTO SYS_SERVER VALUES('4c46db18-d154-7940-34f9-533bae754476','2017-12-18 11:08:43.869000',NULL,'2018-01-23 14:59:40.263000',NULL,'localhost:8080/app-core',TRUE,NULL)
COMMIT
DELETE FROM SYS_SERVER WHERE ID='4c46db18-d154-7940-34f9-533bae754476'
INSERT INTO SYS_SERVER VALUES('4c46db18-d154-7940-34f9-533bae754476','2017-12-18 11:08:43.869000',NULL,'2018-01-23 15:00:40.264000',NULL,'localhost:8080/app-core',TRUE,NULL)
COMMIT
INSERT INTO OFFICE_REQUEST_STEP VALUES('10b6ae30-f795-8c92-9f96-f6720d4e6594','2018-01-23 15:01:31.646000',NULL,'2018-01-23 15:01:31.646000','admin',NULL,'Initial position, Suspended',NULL,NULL,NULL,NULL,'suspended',NULL,NULL,NULL,1516712491541)
INSERT INTO OFFICE_REQUEST VALUES('7b27930f-a1b3-9f12-d470-e1f5ed12f4d6','2018-01-23 15:01:31.621000','admin','33',33,NULL,'2018-01-23 15:01:31.621000',NULL,'001ac675-07bd-caa0-988b-8dca6cac68b3','33',NULL,'10b6ae30-f795-8c92-9f96-f6720d4e6594',1516712491557,NULL,NULL)
DELETE FROM OFFICE_REQUEST_STEP WHERE ID='10b6ae30-f795-8c92-9f96-f6720d4e6594'
INSERT INTO OFFICE_REQUEST_STEP VALUES('10b6ae30-f795-8c92-9f96-f6720d4e6594','2018-01-23 15:01:31.646000',NULL,'2018-01-23 15:01:31.646000','admin',NULL,'Initial position, Suspended','7b27930f-a1b3-9f12-d470-e1f5ed12f4d6',NULL,NULL,NULL,'suspended',NULL,NULL,'b8181249-bb9a-45dd-efdb-a0caad51b12c',1516712491541)
INSERT INTO OFFICE_REQUEST_LOG VALUES('c79043e7-511b-d03a-16a3-c5b2087a8100','2018-01-23 15:01:31.647000','admin','2018-01-23 15:01:31.647000',NULL,'7b27930f-a1b3-9f12-d470-e1f5ed12f4d6','The new request created','60885987-1b61-4247-94c7-dff348347f93','001ac675-07bd-caa0-988b-8dca6cac68b3',1516712491526,NULL,NULL,NULL)
INSERT INTO OFFICE_REQUEST_LOG VALUES('3f8555bf-72d1-8034-4da8-a45eba149a4c','2018-01-23 15:01:31.646000','admin','2018-01-23 15:01:31.646000',NULL,'7b27930f-a1b3-9f12-d470-e1f5ed12f4d6','The new position set: Initial position','60885987-1b61-4247-94c7-dff348347f93','001ac675-07bd-caa0-988b-8dca6cac68b3',1516712491542,NULL,'com.company.office.entity.RequestStep','10b6ae30-f795-8c92-9f96-f6720d4e6594')
COMMIT
DELETE FROM OFFICE_REQUEST WHERE ID='7b27930f-a1b3-9f12-d470-e1f5ed12f4d6'
INSERT INTO OFFICE_REQUEST VALUES('7b27930f-a1b3-9f12-d470-e1f5ed12f4d6','2018-01-23 15:01:31.621000','admin','33',33,NULL,'2018-01-23 15:01:36.300000','admin','001ac675-07bd-caa0-988b-8dca6cac68b3','33',NULL,'10b6ae30-f795-8c92-9f96-f6720d4e6594',1516712491557,NULL,NULL)
DELETE FROM OFFICE_REQUEST WHERE ID='7b27930f-a1b3-9f12-d470-e1f5ed12f4d6'
DELETE FROM OFFICE_REQUEST_STEP WHERE ID='10b6ae30-f795-8c92-9f96-f6720d4e6594'
DELETE FROM OFFICE_REQUEST_LOG WHERE ID='c79043e7-511b-d03a-16a3-c5b2087a8100'
DELETE FROM OFFICE_REQUEST_LOG WHERE ID='3f8555bf-72d1-8034-4da8-a45eba149a4c'
COMMIT
DELETE FROM SYS_SERVER WHERE ID='4c46db18-d154-7940-34f9-533bae754476'
INSERT INTO SYS_SERVER VALUES('4c46db18-d154-7940-34f9-533bae754476','2017-12-18 11:08:43.869000',NULL,'2018-01-23 15:01:40.264000',NULL,'localhost:8080/app-core',TRUE,NULL)
COMMIT
DELETE FROM OFFICE_POSITION WHERE ID='b8181249-bb9a-45dd-efdb-a0caad51b12c'
INSERT INTO OFFICE_POSITION VALUES('b8181249-bb9a-45dd-efdb-a0caad51b12c','2018-01-10 11:33:51.009000','admin','2018-01-23 15:02:09.123000','admin',10,'Initial position',7,7)
DELETE FROM OFFICE_POSITION_USER WHERE ID='15922368-0681-04f9-d651-6181bbfeb70b'
INSERT INTO OFFICE_POSITION_USER VALUES('15922368-0681-04f9-d651-6181bbfeb70b','2018-01-10 11:34:52.610000','admin','2018-01-23 15:02:09.123000','admin','b8181249-bb9a-45dd-efdb-a0caad51b12c','4cbf025d-043d-1a6c-4fcf-85f79da9abe7',1,2,1516096984066)
DELETE FROM OFFICE_POSITION_USER WHERE ID='a072ddbf-0044-526e-8a21-bcb02364025b'
INSERT INTO OFFICE_POSITION_USER VALUES('a072ddbf-0044-526e-8a21-bcb02364025b','2018-01-10 11:34:52.611000','admin','2018-01-23 15:02:09.123000','admin','b8181249-bb9a-45dd-efdb-a0caad51b12c','bfdb9c32-2d8b-3520-d236-00f089c9d632',NULL,3,1516096979488)
COMMIT
DELETE FROM OFFICE_POSITION_USER WHERE ID='a072ddbf-0044-526e-8a21-bcb02364025b'
INSERT INTO OFFICE_POSITION_USER VALUES('a072ddbf-0044-526e-8a21-bcb02364025b','2018-01-10 11:34:52.611000','admin','2018-01-23 15:02:23.216000','admin','b8181249-bb9a-45dd-efdb-a0caad51b12c','bfdb9c32-2d8b-3520-d236-00f089c9d632',1,3,1516096979488)
COMMIT
INSERT INTO OFFICE_REQUEST_STEP VALUES('0ab59506-6cf2-1c2b-ae54-9f4476a1e5be','2018-01-23 15:02:23.292000',NULL,'2018-01-23 15:02:23.292000','admin',NULL,'Assigned to Igor Didukh. Actions added',NULL,NULL,NULL,NULL,'waiting','2018-01-30',NULL,NULL,1516712543128)
INSERT INTO OFFICE_REQUEST VALUES('8548df70-9c51-0526-00a7-750baecf68fc','2018-01-23 15:02:23.276000','admin','33',33,NULL,'2018-01-23 15:02:23.276000',NULL,'001ac675-07bd-caa0-988b-8dca6cac68b3','33',NULL,'0ab59506-6cf2-1c2b-ae54-9f4476a1e5be',1516712543224,NULL,NULL)
DELETE FROM OFFICE_REQUEST_STEP WHERE ID='0ab59506-6cf2-1c2b-ae54-9f4476a1e5be'
INSERT INTO OFFICE_REQUEST_STEP VALUES('0ab59506-6cf2-1c2b-ae54-9f4476a1e5be','2018-01-23 15:02:23.292000',NULL,'2018-01-23 15:02:23.292000','admin','bfdb9c32-2d8b-3520-d236-00f089c9d632','Assigned to Igor Didukh. Actions added','8548df70-9c51-0526-00a7-750baecf68fc',NULL,NULL,NULL,'waiting','2018-01-30',NULL,'b8181249-bb9a-45dd-efdb-a0caad51b12c',1516712543128)
INSERT INTO OFFICE_REQUEST_STEP VALUES('3d6d1c3f-101b-294f-c71c-95962e146603','2018-01-23 15:02:23.293000',NULL,'2018-01-23 15:02:23.293000','admin',NULL,'Initial position, Suspended','8548df70-9c51-0526-00a7-750baecf68fc',NULL,NULL,NULL,'suspended',NULL,NULL,'b8181249-bb9a-45dd-efdb-a0caad51b12c',1516712543117)
INSERT INTO OFFICE_REQUEST_LOG VALUES('a38681bf-f3a3-fdb7-cbd7-9a555bc89c4f','2018-01-23 15:02:23.293000','admin','2018-01-23 15:02:23.293000',NULL,'8548df70-9c51-0526-00a7-750baecf68fc','The new worker set: Igor Didukh','60885987-1b61-4247-94c7-dff348347f93','bfdb9c32-2d8b-3520-d236-00f089c9d632',1516712543173,NULL,'com.company.office.entity.RequestStep','0ab59506-6cf2-1c2b-ae54-9f4476a1e5be')
INSERT INTO OFFICE_REQUEST_LOG VALUES('d782924b-9181-f5c6-6be3-b1b042b03ddc','2018-01-23 15:02:23.293000','admin','2018-01-23 15:02:23.293000',NULL,'8548df70-9c51-0526-00a7-750baecf68fc','The new request created','60885987-1b61-4247-94c7-dff348347f93','001ac675-07bd-caa0-988b-8dca6cac68b3',1516712543105,NULL,NULL,NULL)
INSERT INTO OFFICE_REQUEST_LOG VALUES('011ea5f9-e739-93cb-99b5-0b55506f3561','2018-01-23 15:02:23.293000','admin','2018-01-23 15:02:23.293000',NULL,'8548df70-9c51-0526-00a7-750baecf68fc','The new worker set: Igor Didukh','60885987-1b61-4247-94c7-dff348347f93','001ac675-07bd-caa0-988b-8dca6cac68b3',1516712543173,NULL,'com.company.office.entity.RequestStep','0ab59506-6cf2-1c2b-ae54-9f4476a1e5be')
INSERT INTO OFFICE_REQUEST_LOG VALUES('8ad3a8f1-513b-b775-4abd-bfd4467d6ece','2018-01-23 15:02:23.293000','admin','2018-01-23 15:02:23.293000',NULL,'8548df70-9c51-0526-00a7-750baecf68fc','The new position set: Initial position','60885987-1b61-4247-94c7-dff348347f93','001ac675-07bd-caa0-988b-8dca6cac68b3',1516712543118,NULL,'com.company.office.entity.RequestStep','3d6d1c3f-101b-294f-c71c-95962e146603')
INSERT INTO OFFICE_REQUEST_STEP_ACTION VALUES('1e0451a4-99aa-0fbe-07f3-62c9418df51a','2018-01-23 15:02:23.294000','admin','2018-01-23 15:02:23.294000',NULL,'0ab59506-6cf2-1c2b-ae54-9f4476a1e5be','message','Send additional applicant info',NULL,NULL,NULL,NULL,NULL,1516712543129)
INSERT INTO OFFICE_REQUEST_STEP_ACTION VALUES('bf21a317-2975-2864-319a-297b8b9cdc2d','2018-01-23 15:02:23.293000','admin','2018-01-23 15:02:23.293000',NULL,'0ab59506-6cf2-1c2b-ae54-9f4476a1e5be','file','Send the form #10.2','f071c89e-5817-00de-cf2f-1e4eeb4f7228',NULL,NULL,NULL,NULL,1516712543131)
INSERT INTO OFFICE_REQUEST_STEP_ACTION VALUES('51b88cfb-25a6-051d-90fe-135d45cba41c','2018-01-23 15:02:23.294000','admin','2018-01-23 15:02:23.294000',NULL,'0ab59506-6cf2-1c2b-ae54-9f4476a1e5be','file','Send the form #10.3','657ee3a4-0fc0-9e87-2ce6-01a3157e846f',NULL,NULL,NULL,NULL,1516712543132)
INSERT INTO OFFICE_REQUEST_STEP_ACTION VALUES('6dad37ed-587b-cdca-9943-8527fd267d3c','2018-01-23 15:02:23.294000','admin','2018-01-23 15:02:23.294000',NULL,'0ab59506-6cf2-1c2b-ae54-9f4476a1e5be','file','Send the form #10.1','ca30b1f0-acbe-3b8b-06fc-10a752f71f40',NULL,NULL,NULL,NULL,1516712543130)
COMMIT
DELETE FROM SYS_SERVER WHERE ID='4c46db18-d154-7940-34f9-533bae754476'
INSERT INTO SYS_SERVER VALUES('4c46db18-d154-7940-34f9-533bae754476','2017-12-18 11:08:43.869000',NULL,'2018-01-23 15:02:40.264000',NULL,'localhost:8080/app-core',TRUE,NULL)
COMMIT
DELETE FROM SYS_SERVER WHERE ID='4c46db18-d154-7940-34f9-533bae754476'
INSERT INTO SYS_SERVER VALUES('4c46db18-d154-7940-34f9-533bae754476','2017-12-18 11:08:43.869000',NULL,'2018-01-23 15:03:40.265000',NULL,'localhost:8080/app-core',TRUE,NULL)
COMMIT
DELETE FROM SYS_SERVER WHERE ID='4c46db18-d154-7940-34f9-533bae754476'
INSERT INTO SYS_SERVER VALUES('4c46db18-d154-7940-34f9-533bae754476','2017-12-18 11:08:43.869000',NULL,'2018-01-23 15:04:40.265000',NULL,'localhost:8080/app-core',TRUE,NULL)
COMMIT
DELETE FROM SYS_SERVER WHERE ID='4c46db18-d154-7940-34f9-533bae754476'
INSERT INTO SYS_SERVER VALUES('4c46db18-d154-7940-34f9-533bae754476','2017-12-18 11:08:43.869000',NULL,'2018-01-23 15:05:40.266000',NULL,'localhost:8080/app-core',TRUE,NULL)
COMMIT
DELETE FROM SYS_SERVER WHERE ID='4c46db18-d154-7940-34f9-533bae754476'
INSERT INTO SYS_SERVER VALUES('4c46db18-d154-7940-34f9-533bae754476','2017-12-18 11:08:43.869000',NULL,'2018-01-23 15:06:40.266000',NULL,'localhost:8080/app-core',TRUE,NULL)
COMMIT
DELETE FROM SYS_SERVER WHERE ID='4c46db18-d154-7940-34f9-533bae754476'
INSERT INTO SYS_SERVER VALUES('4c46db18-d154-7940-34f9-533bae754476','2017-12-18 11:08:43.869000',NULL,'2018-01-23 15:07:40.267000',NULL,'localhost:8080/app-core',TRUE,NULL)
COMMIT
DELETE FROM SYS_SERVER WHERE ID='4c46db18-d154-7940-34f9-533bae754476'
INSERT INTO SYS_SERVER VALUES('4c46db18-d154-7940-34f9-533bae754476','2017-12-18 11:08:43.869000',NULL,'2018-01-23 15:08:40.267000',NULL,'localhost:8080/app-core',TRUE,NULL)
COMMIT
DELETE FROM SYS_SERVER WHERE ID='4c46db18-d154-7940-34f9-533bae754476'
INSERT INTO SYS_SERVER VALUES('4c46db18-d154-7940-34f9-533bae754476','2017-12-18 11:08:43.869000',NULL,'2018-01-23 15:09:40.267000',NULL,'localhost:8080/app-core',TRUE,NULL)
COMMIT
DELETE FROM SYS_SERVER WHERE ID='4c46db18-d154-7940-34f9-533bae754476'
INSERT INTO SYS_SERVER VALUES('4c46db18-d154-7940-34f9-533bae754476','2017-12-18 11:08:43.869000',NULL,'2018-01-23 15:10:40.330000',NULL,'localhost:8080/app-core',TRUE,NULL)
COMMIT
DELETE FROM SYS_SERVER WHERE ID='4c46db18-d154-7940-34f9-533bae754476'
INSERT INTO SYS_SERVER VALUES('4c46db18-d154-7940-34f9-533bae754476','2017-12-18 11:08:43.869000',NULL,'2018-01-23 15:11:40.388000',NULL,'localhost:8080/app-core',TRUE,NULL)
COMMIT
DELETE FROM SYS_SERVER WHERE ID='4c46db18-d154-7940-34f9-533bae754476'
INSERT INTO SYS_SERVER VALUES('4c46db18-d154-7940-34f9-533bae754476','2017-12-18 11:08:43.869000',NULL,'2018-01-23 15:12:40.379000',NULL,'localhost:8080/app-core',TRUE,NULL)
COMMIT
DELETE FROM SYS_SERVER WHERE ID='4c46db18-d154-7940-34f9-533bae754476'
INSERT INTO SYS_SERVER VALUES('4c46db18-d154-7940-34f9-533bae754476','2017-12-18 11:08:43.869000',NULL,'2018-01-23 15:13:40.379000',NULL,'localhost:8080/app-core',TRUE,NULL)
COMMIT
DELETE FROM SYS_SERVER WHERE ID='4c46db18-d154-7940-34f9-533bae754476'
INSERT INTO SYS_SERVER VALUES('4c46db18-d154-7940-34f9-533bae754476','2017-12-18 11:08:43.869000',NULL,'2018-01-23 15:14:40.380000',NULL,'localhost:8080/app-core',TRUE,NULL)
COMMIT
DELETE FROM SYS_SERVER WHERE ID='4c46db18-d154-7940-34f9-533bae754476'
INSERT INTO SYS_SERVER VALUES('4c46db18-d154-7940-34f9-533bae754476','2017-12-18 11:08:43.869000',NULL,'2018-01-23 15:15:40.380000',NULL,'localhost:8080/app-core',TRUE,NULL)
COMMIT
DELETE FROM SYS_SERVER WHERE ID='4c46db18-d154-7940-34f9-533bae754476'
INSERT INTO SYS_SERVER VALUES('4c46db18-d154-7940-34f9-533bae754476','2017-12-18 11:08:43.869000',NULL,'2018-01-23 15:16:40.381000',NULL,'localhost:8080/app-core',TRUE,NULL)
COMMIT
DELETE FROM SYS_SERVER WHERE ID='4c46db18-d154-7940-34f9-533bae754476'
INSERT INTO SYS_SERVER VALUES('4c46db18-d154-7940-34f9-533bae754476','2017-12-18 11:08:43.869000',NULL,'2018-01-23 15:17:40.381000',NULL,'localhost:8080/app-core',TRUE,NULL)
COMMIT
DELETE FROM SYS_SERVER WHERE ID='4c46db18-d154-7940-34f9-533bae754476'
INSERT INTO SYS_SERVER VALUES('4c46db18-d154-7940-34f9-533bae754476','2017-12-18 11:08:43.869000',NULL,'2018-01-23 15:18:40.381000',NULL,'localhost:8080/app-core',TRUE,NULL)
COMMIT
DELETE FROM SYS_SERVER WHERE ID='4c46db18-d154-7940-34f9-533bae754476'
INSERT INTO SYS_SERVER VALUES('4c46db18-d154-7940-34f9-533bae754476','2017-12-18 11:08:43.869000',NULL,'2018-01-23 15:19:40.394000',NULL,'localhost:8080/app-core',TRUE,NULL)
COMMIT
DELETE FROM SYS_SERVER WHERE ID='4c46db18-d154-7940-34f9-533bae754476'
INSERT INTO SYS_SERVER VALUES('4c46db18-d154-7940-34f9-533bae754476','2017-12-18 11:08:43.869000',NULL,'2018-01-23 15:20:40.394000',NULL,'localhost:8080/app-core',TRUE,NULL)
COMMIT
DELETE FROM SYS_SERVER WHERE ID='4c46db18-d154-7940-34f9-533bae754476'
INSERT INTO SYS_SERVER VALUES('4c46db18-d154-7940-34f9-533bae754476','2017-12-18 11:08:43.869000',NULL,'2018-01-23 15:21:40.395000',NULL,'localhost:8080/app-core',TRUE,NULL)
COMMIT
DELETE FROM SYS_SERVER WHERE ID='4c46db18-d154-7940-34f9-533bae754476'
INSERT INTO SYS_SERVER VALUES('4c46db18-d154-7940-34f9-533bae754476','2017-12-18 11:08:43.869000',NULL,'2018-01-23 15:22:40.395000',NULL,'localhost:8080/app-core',TRUE,NULL)
COMMIT
DELETE FROM SYS_SERVER WHERE ID='4c46db18-d154-7940-34f9-533bae754476'
INSERT INTO SYS_SERVER VALUES('4c46db18-d154-7940-34f9-533bae754476','2017-12-18 11:08:43.869000',NULL,'2018-01-23 15:23:40.396000',NULL,'localhost:8080/app-core',TRUE,NULL)
COMMIT
DELETE FROM SYS_SERVER WHERE ID='4c46db18-d154-7940-34f9-533bae754476'
INSERT INTO SYS_SERVER VALUES('4c46db18-d154-7940-34f9-533bae754476','2017-12-18 11:08:43.869000',NULL,'2018-01-23 15:24:40.396000',NULL,'localhost:8080/app-core',TRUE,NULL)
COMMIT
DELETE FROM SYS_SERVER WHERE ID='4c46db18-d154-7940-34f9-533bae754476'
INSERT INTO SYS_SERVER VALUES('4c46db18-d154-7940-34f9-533bae754476','2017-12-18 11:08:43.869000',NULL,'2018-01-23 15:25:40.396000',NULL,'localhost:8080/app-core',TRUE,NULL)
COMMIT
DELETE FROM SYS_SERVER WHERE ID='4c46db18-d154-7940-34f9-533bae754476'
INSERT INTO SYS_SERVER VALUES('4c46db18-d154-7940-34f9-533bae754476','2017-12-18 11:08:43.869000',NULL,'2018-01-23 15:26:40.397000',NULL,'localhost:8080/app-core',TRUE,NULL)
COMMIT
DELETE FROM SYS_SERVER WHERE ID='4c46db18-d154-7940-34f9-533bae754476'
INSERT INTO SYS_SERVER VALUES('4c46db18-d154-7940-34f9-533bae754476','2017-12-18 11:08:43.869000',NULL,'2018-01-23 15:27:40.397000',NULL,'localhost:8080/app-core',TRUE,NULL)
COMMIT
DELETE FROM SYS_SERVER WHERE ID='4c46db18-d154-7940-34f9-533bae754476'
INSERT INTO SYS_SERVER VALUES('4c46db18-d154-7940-34f9-533bae754476','2017-12-18 11:08:43.869000',NULL,'2018-01-23 15:28:40.398000',NULL,'localhost:8080/app-core',TRUE,NULL)
COMMIT
DELETE FROM SYS_SERVER WHERE ID='4c46db18-d154-7940-34f9-533bae754476'
INSERT INTO SYS_SERVER VALUES('4c46db18-d154-7940-34f9-533bae754476','2017-12-18 11:08:43.869000',NULL,'2018-01-23 15:29:40.398000',NULL,'localhost:8080/app-core',TRUE,NULL)
COMMIT
DELETE FROM SYS_SERVER WHERE ID='4c46db18-d154-7940-34f9-533bae754476'
INSERT INTO SYS_SERVER VALUES('4c46db18-d154-7940-34f9-533bae754476','2017-12-18 11:08:43.869000',NULL,'2018-01-23 15:30:40.399000',NULL,'localhost:8080/app-core',TRUE,NULL)
COMMIT
DELETE FROM SYS_SERVER WHERE ID='4c46db18-d154-7940-34f9-533bae754476'
INSERT INTO SYS_SERVER VALUES('4c46db18-d154-7940-34f9-533bae754476','2017-12-18 11:08:43.869000',NULL,'2018-01-23 15:31:40.399000',NULL,'localhost:8080/app-core',TRUE,NULL)
COMMIT
DELETE FROM SYS_SERVER WHERE ID='4c46db18-d154-7940-34f9-533bae754476'
INSERT INTO SYS_SERVER VALUES('4c46db18-d154-7940-34f9-533bae754476','2017-12-18 11:08:43.869000',NULL,'2018-01-23 15:32:40.399000',NULL,'localhost:8080/app-core',TRUE,NULL)
COMMIT
DELETE FROM SYS_SERVER WHERE ID='4c46db18-d154-7940-34f9-533bae754476'
INSERT INTO SYS_SERVER VALUES('4c46db18-d154-7940-34f9-533bae754476','2017-12-18 11:08:43.869000',NULL,'2018-01-23 15:33:40.400000',NULL,'localhost:8080/app-core',TRUE,NULL)
COMMIT
DELETE FROM SYS_SERVER WHERE ID='4c46db18-d154-7940-34f9-533bae754476'
INSERT INTO SYS_SERVER VALUES('4c46db18-d154-7940-34f9-533bae754476','2017-12-18 11:08:43.869000',NULL,'2018-01-23 15:34:40.400000',NULL,'localhost:8080/app-core',TRUE,NULL)
COMMIT
DELETE FROM SYS_SERVER WHERE ID='4c46db18-d154-7940-34f9-533bae754476'
INSERT INTO SYS_SERVER VALUES('4c46db18-d154-7940-34f9-533bae754476','2017-12-18 11:08:43.869000',NULL,'2018-01-23 15:35:40.401000',NULL,'localhost:8080/app-core',TRUE,NULL)
COMMIT
DELETE FROM SYS_SERVER WHERE ID='4c46db18-d154-7940-34f9-533bae754476'
INSERT INTO SYS_SERVER VALUES('4c46db18-d154-7940-34f9-533bae754476','2017-12-18 11:08:43.869000',NULL,'2018-01-23 15:36:40.401000',NULL,'localhost:8080/app-core',TRUE,NULL)
COMMIT
DELETE FROM SYS_SERVER WHERE ID='4c46db18-d154-7940-34f9-533bae754476'
INSERT INTO SYS_SERVER VALUES('4c46db18-d154-7940-34f9-533bae754476','2017-12-18 11:08:43.869000',NULL,'2018-01-23 15:37:40.402000',NULL,'localhost:8080/app-core',TRUE,NULL)
COMMIT
DELETE FROM SYS_SERVER WHERE ID='4c46db18-d154-7940-34f9-533bae754476'
INSERT INTO SYS_SERVER VALUES('4c46db18-d154-7940-34f9-533bae754476','2017-12-18 11:08:43.869000',NULL,'2018-01-23 15:38:40.402000',NULL,'localhost:8080/app-core',TRUE,NULL)
COMMIT
DELETE FROM SYS_SERVER WHERE ID='4c46db18-d154-7940-34f9-533bae754476'
INSERT INTO SYS_SERVER VALUES('4c46db18-d154-7940-34f9-533bae754476','2017-12-18 11:08:43.869000',NULL,'2018-01-23 15:39:40.402000',NULL,'localhost:8080/app-core',TRUE,NULL)
COMMIT
DELETE FROM SYS_SERVER WHERE ID='4c46db18-d154-7940-34f9-533bae754476'
INSERT INTO SYS_SERVER VALUES('4c46db18-d154-7940-34f9-533bae754476','2017-12-18 11:08:43.869000',NULL,'2018-01-23 15:40:40.403000',NULL,'localhost:8080/app-core',TRUE,NULL)
COMMIT
DELETE FROM SYS_SERVER WHERE ID='4c46db18-d154-7940-34f9-533bae754476'
INSERT INTO SYS_SERVER VALUES('4c46db18-d154-7940-34f9-533bae754476','2017-12-18 11:08:43.869000',NULL,'2018-01-23 15:41:40.403000',NULL,'localhost:8080/app-core',TRUE,NULL)
COMMIT
DELETE FROM SYS_SERVER WHERE ID='4c46db18-d154-7940-34f9-533bae754476'
INSERT INTO SYS_SERVER VALUES('4c46db18-d154-7940-34f9-533bae754476','2017-12-18 11:08:43.869000',NULL,'2018-01-23 15:42:40.404000',NULL,'localhost:8080/app-core',TRUE,NULL)
COMMIT
DELETE FROM SYS_SERVER WHERE ID='4c46db18-d154-7940-34f9-533bae754476'
INSERT INTO SYS_SERVER VALUES('4c46db18-d154-7940-34f9-533bae754476','2017-12-18 11:08:43.869000',NULL,'2018-01-23 15:43:40.404000',NULL,'localhost:8080/app-core',TRUE,NULL)
COMMIT
INSERT INTO SEC_USER_SETTING VALUES('80ff5295-45f4-a358-644f-e281cba33674',NULL,NULL,'60885987-1b61-4247-94c7-dff348347f93','W','office$RequestStepCommunication.edit','<?xml version="1.0" encoding="UTF-8"?>\u000a\u000a<settings>\u000a  <components>\u000a    <component name="questionBox">\u000a      <groupBox expanded="true"/>\u000a    </component>\u000a    <component name="answerBox">\u000a      <groupBox expanded="true"/>\u000a    </component>\u000a  </components>\u000a</settings>\u000a')
COMMIT
DELETE FROM SYS_SERVER WHERE ID='4c46db18-d154-7940-34f9-533bae754476'
INSERT INTO SYS_SERVER VALUES('4c46db18-d154-7940-34f9-533bae754476','2017-12-18 11:08:43.869000',NULL,'2018-01-23 15:44:40.405000',NULL,'localhost:8080/app-core',TRUE,NULL)
COMMIT
DELETE FROM SYS_SERVER WHERE ID='4c46db18-d154-7940-34f9-533bae754476'
INSERT INTO SYS_SERVER VALUES('4c46db18-d154-7940-34f9-533bae754476','2017-12-18 11:08:43.869000',NULL,'2018-01-23 15:45:40.405000',NULL,'localhost:8080/app-core',TRUE,NULL)
COMMIT
DELETE FROM SYS_SERVER WHERE ID='4c46db18-d154-7940-34f9-533bae754476'
INSERT INTO SYS_SERVER VALUES('4c46db18-d154-7940-34f9-533bae754476','2017-12-18 11:08:43.869000',NULL,'2018-01-23 15:46:40.406000',NULL,'localhost:8080/app-core',TRUE,NULL)
COMMIT
DELETE FROM SEC_USER_SETTING WHERE ID='80ff5295-45f4-a358-644f-e281cba33674'
INSERT INTO SEC_USER_SETTING VALUES('80ff5295-45f4-a358-644f-e281cba33674',NULL,NULL,'60885987-1b61-4247-94c7-dff348347f93','W','office$RequestStepCommunication.edit','<?xml version="1.0" encoding="UTF-8"?>\u000a\u000a<settings> \u000a  <components> \u000a    <component name="questionBox"> \u000a      <groupBox expanded="true"/>\u000a    </component>  \u000a    <component name="answerBox"> \u000a      <groupBox expanded="true"/>\u000a    </component> \u000a  </components> \u000a</settings>\u000a')
COMMIT
DELETE FROM SYS_SERVER WHERE ID='4c46db18-d154-7940-34f9-533bae754476'
INSERT INTO SYS_SERVER VALUES('4c46db18-d154-7940-34f9-533bae754476','2017-12-18 11:08:43.869000',NULL,'2018-01-23 15:47:40.407000',NULL,'localhost:8080/app-core',TRUE,NULL)
COMMIT
DELETE FROM SYS_SERVER WHERE ID='4c46db18-d154-7940-34f9-533bae754476'
INSERT INTO SYS_SERVER VALUES('4c46db18-d154-7940-34f9-533bae754476','2017-12-18 11:08:43.869000',NULL,'2018-01-23 15:48:40.407000',NULL,'localhost:8080/app-core',TRUE,NULL)
COMMIT
DELETE FROM SYS_SERVER WHERE ID='4c46db18-d154-7940-34f9-533bae754476'
INSERT INTO SYS_SERVER VALUES('4c46db18-d154-7940-34f9-533bae754476','2017-12-18 11:08:43.869000',NULL,'2018-01-23 15:49:40.408000',NULL,'localhost:8080/app-core',TRUE,NULL)
COMMIT
DELETE FROM SYS_SERVER WHERE ID='4c46db18-d154-7940-34f9-533bae754476'
INSERT INTO SYS_SERVER VALUES('4c46db18-d154-7940-34f9-533bae754476','2017-12-18 11:08:43.869000',NULL,'2018-01-23 15:50:40.408000',NULL,'localhost:8080/app-core',TRUE,NULL)
COMMIT
DELETE FROM SYS_SERVER WHERE ID='4c46db18-d154-7940-34f9-533bae754476'
INSERT INTO SYS_SERVER VALUES('4c46db18-d154-7940-34f9-533bae754476','2017-12-18 11:08:43.869000',NULL,'2018-01-23 15:51:40.409000',NULL,'localhost:8080/app-core',TRUE,NULL)
COMMIT
DELETE FROM SYS_SERVER WHERE ID='4c46db18-d154-7940-34f9-533bae754476'
INSERT INTO SYS_SERVER VALUES('4c46db18-d154-7940-34f9-533bae754476','2017-12-18 11:08:43.869000',NULL,'2018-01-23 15:52:40.409000',NULL,'localhost:8080/app-core',TRUE,NULL)
COMMIT
DELETE FROM SYS_SERVER WHERE ID='4c46db18-d154-7940-34f9-533bae754476'
INSERT INTO SYS_SERVER VALUES('4c46db18-d154-7940-34f9-533bae754476','2017-12-18 11:08:43.869000',NULL,'2018-01-23 15:53:40.409000',NULL,'localhost:8080/app-core',TRUE,NULL)
COMMIT
DELETE FROM SYS_SERVER WHERE ID='4c46db18-d154-7940-34f9-533bae754476'
INSERT INTO SYS_SERVER VALUES('4c46db18-d154-7940-34f9-533bae754476','2017-12-18 11:08:43.869000',NULL,'2018-01-23 15:54:40.410000',NULL,'localhost:8080/app-core',TRUE,NULL)
COMMIT
DELETE FROM SYS_SERVER WHERE ID='4c46db18-d154-7940-34f9-533bae754476'
INSERT INTO SYS_SERVER VALUES('4c46db18-d154-7940-34f9-533bae754476','2017-12-18 11:08:43.869000',NULL,'2018-01-23 15:55:40.410000',NULL,'localhost:8080/app-core',TRUE,NULL)
COMMIT
DELETE FROM SYS_SERVER WHERE ID='4c46db18-d154-7940-34f9-533bae754476'
INSERT INTO SYS_SERVER VALUES('4c46db18-d154-7940-34f9-533bae754476','2017-12-18 11:08:43.869000',NULL,'2018-01-23 15:56:03.930000',NULL,'localhost:8080/app-core',FALSE,NULL)
COMMIT
DISCONNECT
/*C107*/SET SCHEMA PUBLIC
DISCONNECT
/*C108*/SET SCHEMA PUBLIC
DISCONNECT
/*C109*/SET SCHEMA PUBLIC
DISCONNECT
/*C111*/SET SCHEMA PUBLIC
DISCONNECT
/*C110*/SET SCHEMA PUBLIC
DISCONNECT
/*C112*/SET SCHEMA PUBLIC
DISCONNECT
/*C113*/SET SCHEMA PUBLIC
DISCONNECT
/*C114*/SET SCHEMA PUBLIC
DISCONNECT
/*C115*/SET SCHEMA PUBLIC
DISCONNECT
/*C116*/SET SCHEMA PUBLIC
DISCONNECT
/*C117*/SET SCHEMA PUBLIC
DISCONNECT
/*C118*/SET SCHEMA PUBLIC
DISCONNECT
/*C119*/SET SCHEMA PUBLIC
alter table OFFICE_REQUEST_STEP_COMMUNICATION add column READ_ date 
INSERT INTO SYS_DB_CHANGELOG VALUES('50-office/update/hsql/18/180123-2-updateRequestStepCommunication.sql','2018-01-23 15:57:02.013000',0)
COMMIT
DISCONNECT
/*C120*/SET SCHEMA PUBLIC
DISCONNECT
/*C121*/SET SCHEMA PUBLIC
DISCONNECT
/*C122*/SET SCHEMA PUBLIC
DISCONNECT
/*C123*/SET SCHEMA PUBLIC
DISCONNECT
/*C125*/SET SCHEMA PUBLIC
DISCONNECT
/*C124*/SET SCHEMA PUBLIC
DISCONNECT
/*C126*/SET SCHEMA PUBLIC
DISCONNECT
/*C127*/SET SCHEMA PUBLIC
DISCONNECT
/*C128*/SET SCHEMA PUBLIC
DISCONNECT
/*C129*/SET SCHEMA PUBLIC
DELETE FROM SEC_USER_SETTING WHERE ID='17fea1e0-4c6c-8ea1-b808-e68a5433fe9b'
INSERT INTO SEC_USER_SETTING VALUES('17fea1e0-4c6c-8ea1-b808-e68a5433fe9b',NULL,NULL,'60885987-1b61-4247-94c7-dff348347f93','W','office$Request.browse','<?xml version="1.0" encoding="UTF-8"?>\u000a\u000a<settings> \u000a  <components> \u000a    <component name="filter"> \u000a      <defaultFilter/>  \u000a      <groupBoxExpanded>true</groupBoxExpanded> \u000a    </component>  \u000a    <component name="requestsTable"> \u000a      <columns> \u000a        <columns id="applicant" visible="true"/>  \u000a        <columns id="sn" visible="true"/>  \u000a        <columns id="description" visible="true"/>  \u000a        <columns id="step" visible="true"/>  \u000a        <columns id="user" visible="true"/>  \u000a        <columns id="state" visible="true"/>  \u000a        <columns id="penalty" width="50" visible="true"/> \u000a      </columns>  \u000a      <groupProperties/> \u000a    </component>  \u000a    <component name="detailsBox"> \u000a      <groupBox expanded="true"/> \u000a    </component>  \u000a    <component name="actionsTable"> \u000a      <columns>\u000a        <columns id="type" visible="true"/>\u000a        <columns id="description" visible="true"/>\u000a        <columns id="performed" visible="true"/>\u000a        <columns id="submitted" visible="true"/>\u000a        <columns id="approved" visible="true"/>\u000a      </columns>\u000a    </component>  \u000a    <component name="communicationsTable"> \u000a      <columns>\u000a        <columns id="createTs" visible="true"/>\u000a        <columns id="initiator" visible="true"/>\u000a        <columns id="question" visible="true"/>\u000a        <columns id="updateTs" visible="true"/>\u000a        <columns id="recepient" visible="true"/>\u000a        <columns id="answer" visible="true"/>\u000a        <columns id="read" visible="true"/>\u000a      </columns>\u000a    </component>  \u000a    <component name="statesTable"> \u000a      <columns> \u000a        <columns id="createTs" visible="true"/>  \u000a        <columns id="createdBy" visible="true"/>  \u000a        <columns id="description" visible="true"/>  \u000a        <columns id="position" visible="true"/> \u000a      </columns> \u000a    </component>  \u000a    <component name="split"> \u000a      <position value="51.178993" unit="%"/> \u000a    </component>  \u000a    <component name="table"> \u000a      <columns>\u000a        <columns id="applicant" visible="true"/>\u000a        <columns id="applicantCode" visible="true"/>\u000a        <columns id="sn" visible="true"/>\u000a        <columns id="step.position" visible="true"/>\u000a        <columns id="step.state" visible="true"/>\u000a        <columns id="step.user" visible="true"/>\u000a      </columns>\u000a      <groupProperties/>\u000a    </component>  \u000a    <component name="stepsTable"> \u000a      <columns>\u000a        <columns id="createTs" visible="true"/>\u000a        <columns id="position" visible="true"/>\u000a        <columns id="state" visible="true"/>\u000a        <columns id="user" visible="true"/>\u000a        <columns id="submitted" visible="true"/>\u000a        <columns id="approved" visible="true"/>\u000a      </columns>\u000a    </component>  \u000a    <component name="tableRequests"> \u000a      <columns> \u000a        <columns id="applicant" visible="true"/>  \u000a        <columns id="sn" visible="true"/>  \u000a        <columns id="step" visible="true"/>  \u000a        <columns id="user" visible="true"/>  \u000a        <columns id="state" visible="true"/>  \u000a        <columns id="penalty" visible="true"/> \u000a      </columns>  \u000a      <groupProperties/> \u000a    </component>  \u000a    <component name="tableSteps"> \u000a      <columns> \u000a        <columns id="createTs" visible="true"/>  \u000a        <columns id="createdBy" visible="true"/>  \u000a        <columns id="step" visible="true"/>  \u000a        <columns id="user" visible="true"/> \u000a      </columns> \u000a    </component>  \u000a    <component name="tableActions"> \u000a      <columns> \u000a        <columns id="createTs" visible="true"/>  \u000a        <columns id="createdBy" visible="true"/>  \u000a        <columns id="type" visible="true"/>  \u000a        <columns id="deadline" visible="true"/>  \u000a        <columns id="submitted" visible="true"/>  \u000a        <columns id="approved" visible="true"/>  \u000a        <columns id="penalty" visible="true"/> \u000a      </columns> \u000a    </component>  \u000a    <component name="tableCommunications"> \u000a      <columns> \u000a        <columns id="createTs" visible="true"/>  \u000a        <columns id="createdBy" visible="true"/>  \u000a        <columns id="updateTs" visible="true"/>  \u000a        <columns id="updatedBy" visible="true"/> \u000a      </columns> \u000a    </component>  \u000a    <component name="logsTable"> \u000a      <columns>\u000a        <columns id="createTs" visible="true"/>\u000a        <columns id="sender" visible="true"/>\u000a        <columns id="recepient" visible="true"/>\u000a        <columns id="info" visible="true"/>\u000a      </columns>\u000a    </component>  \u000a    <component name="stepActionsTable"> \u000a      <columns> \u000a        <columns id="type" visible="true"/>  \u000a        <columns id="submitted" visible="true"/>  \u000a        <columns id="approved" visible="true"/> \u000a      </columns> \u000a    </component>  \u000a    <component name="stepCommunicationsTable"> \u000a      <columns> \u000a        <columns id="createTs" visible="true"/>  \u000a        <columns id="updateTs" visible="true"/>  \u000a        <columns id="question" visible="true"/> \u000a      </columns> \u000a    </component>  \u000a    <component name="requestBox"> \u000a      <groupBox expanded="true"/>\u000a    </component>  \u000a    <component name="applicantBox"> \u000a      <groupBox expanded="true"/>\u000a    </component>  \u000a    <component name="imageBox"> \u000a      <groupBox expanded="true"/> \u000a    </component> \u000a  </components> \u000a</settings>\u000a')
COMMIT
DELETE FROM SYS_SERVER WHERE ID='4c46db18-d154-7940-34f9-533bae754476'
INSERT INTO SYS_SERVER VALUES('4c46db18-d154-7940-34f9-533bae754476','2017-12-18 11:08:43.869000',NULL,'2018-01-23 16:08:28.852000',NULL,'localhost:8080/app-core',TRUE,NULL)
COMMIT
DELETE FROM SYS_SERVER WHERE ID='4c46db18-d154-7940-34f9-533bae754476'
INSERT INTO SYS_SERVER VALUES('4c46db18-d154-7940-34f9-533bae754476','2017-12-18 11:08:43.869000',NULL,'2018-01-23 16:09:28.851000',NULL,'localhost:8080/app-core',TRUE,NULL)
COMMIT
DELETE FROM SYS_SERVER WHERE ID='4c46db18-d154-7940-34f9-533bae754476'
INSERT INTO SYS_SERVER VALUES('4c46db18-d154-7940-34f9-533bae754476','2017-12-18 11:08:43.869000',NULL,'2018-01-23 16:10:28.851000',NULL,'localhost:8080/app-core',TRUE,NULL)
COMMIT
DELETE FROM SYS_SERVER WHERE ID='4c46db18-d154-7940-34f9-533bae754476'
INSERT INTO SYS_SERVER VALUES('4c46db18-d154-7940-34f9-533bae754476','2017-12-18 11:08:43.869000',NULL,'2018-01-23 16:11:28.852000',NULL,'localhost:8080/app-core',TRUE,NULL)
COMMIT
DELETE FROM SEC_USER_SETTING WHERE ID='81045870-a989-88da-b890-81b7f97fb816'
INSERT INTO SEC_USER_SETTING VALUES('81045870-a989-88da-b890-81b7f97fb816',NULL,NULL,'60885987-1b61-4247-94c7-dff348347f93','W','office$Request.edit','<?xml version="1.0" encoding="UTF-8"?>\u000a\u000a<settings> \u000a  <components> \u000a    <component name="communicationsBox"> \u000a      <groupBox expanded="true"/> \u000a    </component>  \u000a    <component name="communicationsTable"> \u000a      <columns>\u000a        <columns id="createTs" visible="true"/>\u000a        <columns id="updateTs" visible="true"/>\u000a        <columns id="question" visible="true"/>\u000a      </columns>\u000a    </component>  \u000a    <component name="actionsBox"> \u000a      <groupBox expanded="true"/> \u000a    </component>  \u000a    <component name="actionsTable"> \u000a      <columns>\u000a        <columns id="type" visible="true"/>\u000a        <columns id="description" visible="true"/>\u000a        <columns id="submitted" visible="true"/>\u000a        <columns id="approved" visible="true"/>\u000a        <columns id="performed" visible="true"/>\u000a      </columns>\u000a    </component>  \u000a    <component name="statesBox"> \u000a      <groupBox expanded="true"/> \u000a    </component>  \u000a    <component name="statesTable"> \u000a      <columns> \u000a        <columns id="createTs" width="180" visible="true"/>  \u000a        <columns id="step" width="267" visible="true"/>  \u000a        <columns id="user" width="279" visible="true"/>  \u000a        <columns id="description" width="534" visible="true"/>  \u000a        <columns id="createdBy" width="360" visible="true"/> \u000a      </columns> \u000a    </component>  \u000a    <component name="titleBox"> \u000a      <groupBox expanded="true"/> \u000a    </component>  \u000a    <component name="currentBox"> \u000a      <groupBox expanded="true"/> \u000a    </component>  \u000a    <component name="stepsBox"> \u000a      <groupBox expanded="true"/> \u000a    </component>  \u000a    <component name="stepsTable"> \u000a      <columns> \u000a        <columns id="step" visible="true"/>  \u000a        <columns id="user" visible="true"/>  \u000a        <columns id="description" visible="true"/> \u000a      </columns> \u000a    </component>  \u000a    <component name="additionalBox"> \u000a      <groupBox expanded="true"/> \u000a    </component>  \u000a    <component name="tableSteps"> \u000a      <columns> \u000a        <columns id="createTs" visible="true"/>  \u000a        <columns id="createdBy" visible="true"/>  \u000a        <columns id="step" visible="true"/>  \u000a        <columns id="user" visible="true"/> \u000a      </columns> \u000a    </component>  \u000a    <component name="split"> \u000a      <position value="27.759914" unit="%"/> \u000a    </component>  \u000a    <component name="logsTable"> \u000a      <columns>\u000a        <columns id="createTs" visible="true"/>\u000a        <columns id="sender" visible="true"/>\u000a        <columns id="recepient" visible="true"/>\u000a        <columns id="info" visible="true"/>\u000a      </columns>\u000a    </component>  \u000a    <component name="stepBox"> \u000a      <groupBox expanded="false"/>\u000a    </component>  \u000a    <component name="requestBox"> \u000a      <groupBox expanded="true"/>\u000a    </component>  \u000a    <component name="applicantBox"> \u000a      <groupBox expanded="true"/>\u000a    </component>  \u000a    <component name="imageBox"> \u000a      <groupBox expanded="true"/>\u000a    </component> \u000a  </components> \u000a</settings>\u000a')
COMMIT
DELETE FROM SYS_SERVER WHERE ID='4c46db18-d154-7940-34f9-533bae754476'
INSERT INTO SYS_SERVER VALUES('4c46db18-d154-7940-34f9-533bae754476','2017-12-18 11:08:43.869000',NULL,'2018-01-23 16:12:28.852000',NULL,'localhost:8080/app-core',TRUE,NULL)
COMMIT
DELETE FROM SYS_SERVER WHERE ID='4c46db18-d154-7940-34f9-533bae754476'
INSERT INTO SYS_SERVER VALUES('4c46db18-d154-7940-34f9-533bae754476','2017-12-18 11:08:43.869000',NULL,'2018-01-23 16:13:28.852000',NULL,'localhost:8080/app-core',TRUE,NULL)
COMMIT
DELETE FROM SYS_SERVER WHERE ID='4c46db18-d154-7940-34f9-533bae754476'
INSERT INTO SYS_SERVER VALUES('4c46db18-d154-7940-34f9-533bae754476','2017-12-18 11:08:43.869000',NULL,'2018-01-23 16:14:28.853000',NULL,'localhost:8080/app-core',TRUE,NULL)
COMMIT
DELETE FROM SYS_SERVER WHERE ID='4c46db18-d154-7940-34f9-533bae754476'
INSERT INTO SYS_SERVER VALUES('4c46db18-d154-7940-34f9-533bae754476','2017-12-18 11:08:43.869000',NULL,'2018-01-23 16:15:28.853000',NULL,'localhost:8080/app-core',TRUE,NULL)
COMMIT
DELETE FROM SYS_SERVER WHERE ID='4c46db18-d154-7940-34f9-533bae754476'
INSERT INTO SYS_SERVER VALUES('4c46db18-d154-7940-34f9-533bae754476','2017-12-18 11:08:43.869000',NULL,'2018-01-23 16:16:28.854000',NULL,'localhost:8080/app-core',TRUE,NULL)
COMMIT
DELETE FROM SYS_SERVER WHERE ID='4c46db18-d154-7940-34f9-533bae754476'
INSERT INTO SYS_SERVER VALUES('4c46db18-d154-7940-34f9-533bae754476','2017-12-18 11:08:43.869000',NULL,'2018-01-23 16:17:28.854000',NULL,'localhost:8080/app-core',TRUE,NULL)
COMMIT
DELETE FROM SYS_SERVER WHERE ID='4c46db18-d154-7940-34f9-533bae754476'
INSERT INTO SYS_SERVER VALUES('4c46db18-d154-7940-34f9-533bae754476','2017-12-18 11:08:43.869000',NULL,'2018-01-23 16:18:28.855000',NULL,'localhost:8080/app-core',TRUE,NULL)
COMMIT
DELETE FROM SYS_SERVER WHERE ID='4c46db18-d154-7940-34f9-533bae754476'
INSERT INTO SYS_SERVER VALUES('4c46db18-d154-7940-34f9-533bae754476','2017-12-18 11:08:43.869000',NULL,'2018-01-23 16:19:28.855000',NULL,'localhost:8080/app-core',TRUE,NULL)
COMMIT
DELETE FROM SYS_SERVER WHERE ID='4c46db18-d154-7940-34f9-533bae754476'
INSERT INTO SYS_SERVER VALUES('4c46db18-d154-7940-34f9-533bae754476','2017-12-18 11:08:43.869000',NULL,'2018-01-23 16:20:28.855000',NULL,'localhost:8080/app-core',TRUE,NULL)
COMMIT
DELETE FROM SYS_SERVER WHERE ID='4c46db18-d154-7940-34f9-533bae754476'
INSERT INTO SYS_SERVER VALUES('4c46db18-d154-7940-34f9-533bae754476','2017-12-18 11:08:43.869000',NULL,'2018-01-23 16:21:28.856000',NULL,'localhost:8080/app-core',TRUE,NULL)
COMMIT
DELETE FROM SYS_SERVER WHERE ID='4c46db18-d154-7940-34f9-533bae754476'
INSERT INTO SYS_SERVER VALUES('4c46db18-d154-7940-34f9-533bae754476','2017-12-18 11:08:43.869000',NULL,'2018-01-23 16:22:28.856000',NULL,'localhost:8080/app-core',TRUE,NULL)
COMMIT
DELETE FROM SYS_SERVER WHERE ID='4c46db18-d154-7940-34f9-533bae754476'
INSERT INTO SYS_SERVER VALUES('4c46db18-d154-7940-34f9-533bae754476','2017-12-18 11:08:43.869000',NULL,'2018-01-23 16:23:28.858000',NULL,'localhost:8080/app-core',TRUE,NULL)
COMMIT
DELETE FROM SYS_SERVER WHERE ID='4c46db18-d154-7940-34f9-533bae754476'
INSERT INTO SYS_SERVER VALUES('4c46db18-d154-7940-34f9-533bae754476','2017-12-18 11:08:43.869000',NULL,'2018-01-23 16:24:28.857000',NULL,'localhost:8080/app-core',TRUE,NULL)
COMMIT
DELETE FROM SYS_SERVER WHERE ID='4c46db18-d154-7940-34f9-533bae754476'
INSERT INTO SYS_SERVER VALUES('4c46db18-d154-7940-34f9-533bae754476','2017-12-18 11:08:43.869000',NULL,'2018-01-23 16:25:28.858000',NULL,'localhost:8080/app-core',TRUE,NULL)
COMMIT
DELETE FROM SYS_SERVER WHERE ID='4c46db18-d154-7940-34f9-533bae754476'
INSERT INTO SYS_SERVER VALUES('4c46db18-d154-7940-34f9-533bae754476','2017-12-18 11:08:43.869000',NULL,'2018-01-23 16:26:28.858000',NULL,'localhost:8080/app-core',TRUE,NULL)
COMMIT
DELETE FROM SYS_SERVER WHERE ID='4c46db18-d154-7940-34f9-533bae754476'
INSERT INTO SYS_SERVER VALUES('4c46db18-d154-7940-34f9-533bae754476','2017-12-18 11:08:43.869000',NULL,'2018-01-23 16:27:28.859000',NULL,'localhost:8080/app-core',TRUE,NULL)
COMMIT
DELETE FROM SYS_SERVER WHERE ID='4c46db18-d154-7940-34f9-533bae754476'
INSERT INTO SYS_SERVER VALUES('4c46db18-d154-7940-34f9-533bae754476','2017-12-18 11:08:43.869000',NULL,'2018-01-23 16:28:28.859000',NULL,'localhost:8080/app-core',TRUE,NULL)
COMMIT
DELETE FROM SYS_SERVER WHERE ID='4c46db18-d154-7940-34f9-533bae754476'
INSERT INTO SYS_SERVER VALUES('4c46db18-d154-7940-34f9-533bae754476','2017-12-18 11:08:43.869000',NULL,'2018-01-23 16:29:28.860000',NULL,'localhost:8080/app-core',TRUE,NULL)
COMMIT
DELETE FROM SYS_SERVER WHERE ID='4c46db18-d154-7940-34f9-533bae754476'
INSERT INTO SYS_SERVER VALUES('4c46db18-d154-7940-34f9-533bae754476','2017-12-18 11:08:43.869000',NULL,'2018-01-23 16:30:28.861000',NULL,'localhost:8080/app-core',TRUE,NULL)
COMMIT
DELETE FROM SYS_SERVER WHERE ID='4c46db18-d154-7940-34f9-533bae754476'
INSERT INTO SYS_SERVER VALUES('4c46db18-d154-7940-34f9-533bae754476','2017-12-18 11:08:43.869000',NULL,'2018-01-23 16:31:28.861000',NULL,'localhost:8080/app-core',TRUE,NULL)
COMMIT
DELETE FROM SYS_SERVER WHERE ID='4c46db18-d154-7940-34f9-533bae754476'
INSERT INTO SYS_SERVER VALUES('4c46db18-d154-7940-34f9-533bae754476','2017-12-18 11:08:43.869000',NULL,'2018-01-23 16:32:28.862000',NULL,'localhost:8080/app-core',TRUE,NULL)
COMMIT
DELETE FROM SYS_SERVER WHERE ID='4c46db18-d154-7940-34f9-533bae754476'
INSERT INTO SYS_SERVER VALUES('4c46db18-d154-7940-34f9-533bae754476','2017-12-18 11:08:43.869000',NULL,'2018-01-23 16:33:28.862000',NULL,'localhost:8080/app-core',TRUE,NULL)
COMMIT
DELETE FROM SYS_SERVER WHERE ID='4c46db18-d154-7940-34f9-533bae754476'
INSERT INTO SYS_SERVER VALUES('4c46db18-d154-7940-34f9-533bae754476','2017-12-18 11:08:43.869000',NULL,'2018-01-23 16:34:28.863000',NULL,'localhost:8080/app-core',TRUE,NULL)
COMMIT
DELETE FROM SYS_SERVER WHERE ID='4c46db18-d154-7940-34f9-533bae754476'
INSERT INTO SYS_SERVER VALUES('4c46db18-d154-7940-34f9-533bae754476','2017-12-18 11:08:43.869000',NULL,'2018-01-23 16:35:28.863000',NULL,'localhost:8080/app-core',TRUE,NULL)
COMMIT
DELETE FROM SEC_USER_SETTING WHERE ID='17fea1e0-4c6c-8ea1-b808-e68a5433fe9b'
INSERT INTO SEC_USER_SETTING VALUES('17fea1e0-4c6c-8ea1-b808-e68a5433fe9b',NULL,NULL,'60885987-1b61-4247-94c7-dff348347f93','W','office$Request.browse','<?xml version="1.0" encoding="UTF-8"?>\u000a\u000a<settings> \u000a  <components> \u000a    <component name="filter"> \u000a      <defaultFilter/>  \u000a      <groupBoxExpanded>true</groupBoxExpanded> \u000a    </component>  \u000a    <component name="requestsTable"> \u000a      <columns> \u000a        <columns id="applicant" visible="true"/>  \u000a        <columns id="sn" visible="true"/>  \u000a        <columns id="description" visible="true"/>  \u000a        <columns id="step" visible="true"/>  \u000a        <columns id="user" visible="true"/>  \u000a        <columns id="state" visible="true"/>  \u000a        <columns id="penalty" width="50" visible="true"/> \u000a      </columns>  \u000a      <groupProperties/> \u000a    </component>  \u000a    <component name="detailsBox"> \u000a      <groupBox expanded="true"/> \u000a    </component>  \u000a    <component name="actionsTable"> \u000a      <columns>\u000a        <columns id="type" visible="true"/>\u000a        <columns id="description" visible="true"/>\u000a        <columns id="performed" visible="true"/>\u000a        <columns id="submitted" visible="true"/>\u000a        <columns id="approved" visible="true"/>\u000a      </columns>\u000a    </component>  \u000a    <component name="communicationsTable"> \u000a      <columns>\u000a        <columns id="createTs" visible="true"/>\u000a        <columns id="updateTs" visible="true"/>\u000a        <columns id="question" visible="true"/>\u000a      </columns>\u000a    </component>  \u000a    <component name="statesTable"> \u000a      <columns> \u000a        <columns id="createTs" visible="true"/>  \u000a        <columns id="createdBy" visible="true"/>  \u000a        <columns id="description" visible="true"/>  \u000a        <columns id="position" visible="true"/> \u000a      </columns> \u000a    </component>  \u000a    <component name="split"> \u000a      <position value="51.178993" unit="%"/> \u000a    </component>  \u000a    <component name="table"> \u000a      <columns>\u000a        <columns id="applicant" visible="true"/>\u000a        <columns id="applicantCode" visible="true"/>\u000a        <columns id="sn" visible="true"/>\u000a        <columns id="step.position" visible="true"/>\u000a        <columns id="step.state" visible="true"/>\u000a        <columns id="step.user" visible="true"/>\u000a      </columns>\u000a      <groupProperties/>\u000a    </component>  \u000a    <component name="stepsTable"> \u000a      <columns>\u000a        <columns id="createTs" visible="true"/>\u000a        <columns id="position" visible="true"/>\u000a        <columns id="state" visible="true"/>\u000a        <columns id="user" visible="true"/>\u000a        <columns id="submitted" visible="true"/>\u000a        <columns id="approved" visible="true"/>\u000a      </columns>\u000a    </component>  \u000a    <component name="tableRequests"> \u000a      <columns> \u000a        <columns id="applicant" visible="true"/>  \u000a        <columns id="sn" visible="true"/>  \u000a        <columns id="step" visible="true"/>  \u000a        <columns id="user" visible="true"/>  \u000a        <columns id="state" visible="true"/>  \u000a        <columns id="penalty" visible="true"/> \u000a      </columns>  \u000a      <groupProperties/> \u000a    </component>  \u000a    <component name="tableSteps"> \u000a      <columns> \u000a        <columns id="createTs" visible="true"/>  \u000a        <columns id="createdBy" visible="true"/>  \u000a        <columns id="step" visible="true"/>  \u000a        <columns id="user" visible="true"/> \u000a      </columns> \u000a    </component>  \u000a    <component name="tableActions"> \u000a      <columns> \u000a        <columns id="createTs" visible="true"/>  \u000a        <columns id="createdBy" visible="true"/>  \u000a        <columns id="type" visible="true"/>  \u000a        <columns id="deadline" visible="true"/>  \u000a        <columns id="submitted" visible="true"/>  \u000a        <columns id="approved" visible="true"/>  \u000a        <columns id="penalty" visible="true"/> \u000a      </columns> \u000a    </component>  \u000a    <component name="tableCommunications"> \u000a      <columns> \u000a        <columns id="createTs" visible="true"/>  \u000a        <columns id="createdBy" visible="true"/>  \u000a        <columns id="updateTs" visible="true"/>  \u000a        <columns id="updatedBy" visible="true"/> \u000a      </columns> \u000a    </component>  \u000a    <component name="logsTable"> \u000a      <columns>\u000a        <columns id="createTs" visible="true"/>\u000a        <columns id="sender" visible="true"/>\u000a        <columns id="recepient" visible="true"/>\u000a        <columns id="info" visible="true"/>\u000a      </columns>\u000a    </component>  \u000a    <component name="stepActionsTable"> \u000a      <columns> \u000a        <columns id="type" visible="true"/>  \u000a        <columns id="submitted" visible="true"/>  \u000a        <columns id="approved" visible="true"/> \u000a      </columns> \u000a    </component>  \u000a    <component name="stepCommunicationsTable"> \u000a      <columns> \u000a        <columns id="createTs" visible="true"/>  \u000a        <columns id="updateTs" visible="true"/>  \u000a        <columns id="question" visible="true"/> \u000a      </columns> \u000a    </component>  \u000a    <component name="requestBox"> \u000a      <groupBox expanded="true"/>\u000a    </component>  \u000a    <component name="applicantBox"> \u000a      <groupBox expanded="true"/>\u000a    </component>  \u000a    <component name="imageBox"> \u000a      <groupBox expanded="true"/> \u000a    </component> \u000a  </components> \u000a</settings>\u000a')
COMMIT
DELETE FROM SYS_SERVER WHERE ID='4c46db18-d154-7940-34f9-533bae754476'
INSERT INTO SYS_SERVER VALUES('4c46db18-d154-7940-34f9-533bae754476','2017-12-18 11:08:43.869000',NULL,'2018-01-23 16:35:55.375000',NULL,'localhost:8080/app-core',FALSE,NULL)
COMMIT
DISCONNECT
